Arguments: 
  C:\Program Files\nodejs\node.exe C:\Users\dingding\AppData\Roaming\npm\node_modules\yarn\bin\yarn.js add electron-builder --save-dev

PATH: 
  C:\Program Files (x86)\Common Files\Oracle\Java\javapath;C:\ProgramData\Oracle\Java\javapath;C:\WINDOWS\system32;C:\WINDOWS;C:\WINDOWS\System32\Wbem;C:\WINDOWS\System32\WindowsPowerShell\v1.0\;C:\Program Files (x86)\StarCraft II;C:\Program Files (x86)\Tencent\QQ\Bin;C:\Program Files\nodejs;"C:\Program Files (x86)\Java\jdk1.8.0_131\bin;";C:\PostgreSQL\9.5\bin;C:\Program Files (x86)\CineForm\Tools;C:\Program Files\Git\cmd;C:\Program Files\Redis;C:\Program Files\MySQL\MySQL Utilities 1.6\;C:\Program Files (x86)\Bitvise SSH Client;C:\WINDOWS\System32\OpenSSH\;C:\Program Files\Microsoft VS Code\bin;C:\Program Files\nodejs\;C:\Users\dingding\AppData\Local\Programs\Python\Python37-32\Scripts\;C:\Users\dingding\AppData\Local\Programs\Python\Python37-32\;C:\Users\dingding\AppData\Local\Microsoft\WindowsApps;;C:\Users\dingding\AppData\Local\Programs\Fiddler;C:\Program Files\Bandizip\;C:\Program Files\Microsoft VS Code\bin;C:\Users\dingding\AppData\Local\Microsoft\WindowsApps;C:\Users\dingding\AppData\Roaming\npm

Yarn version: 
  1.12.1

Node version: 
  10.13.0

Platform: 
  win32 x64

Trace: 
  Error: ENOENT: no such file or directory, copyfile 'C:\Users\dingding\AppData\Local\Yarn\Cache\v3\npm-fast-deep-equal-1.1.0-c053477817c86b51daa853c81e059b733d023614\node_modules\fast-deep-equal\index.d.ts' -> 'C:\Users\dingding\Desktop\新建文件夹 (3)\electron-quick-start\node_modules\har-validator\node_modules\fast-deep-equal\index.d.ts'

npm manifest: 
  {
    "name": "electron-quick-start",
    "version": "1.0.0",
    "description": "A minimal Electron application",
    "main": "main.js",
    "scripts": {
      "start": "electron ."
    },
    "repository": "https://github.com/electron/electron-quick-start",
    "keywords": [
      "Electron",
      "quick",
      "start",
      "tutorial",
      "demo"
    ],
    "author": "GitHub",
    "license": "CC0-1.0",
    "devDependencies": {
      "electron": "^3.0.4"
    }
  }

yarn manifest: 
  No manifest

Lockfile: 
  No lockfile
